Using pre-set license
Built from '2021.3/staging' branch; Version is '2021.3.8f1 (b30333d56e81) revision 11731763'; Using compiler version '192829333'; Build Type 'Release'
OS: 'Windows 11  (10.0.22000) 64bit Core' Language: 'en' Physical Memory: 16251 MB
BatchMode: 1, IsHumanControllingUs: 0, StartBugReporterOnCrash: 0, Is64bit: 1, IsPro: 1

COMMAND LINE ARGUMENTS:
C:\Program Files\Unity\Hub\Editor\2021.3.8f1\Editor\Unity.exe
-adb2
-batchMode
-noUpm
-name
AssetImportWorker2
-projectPath
C:/Users/ionut/Documents/XRD/XRD-Assignment2/XRD Assignment 2
-logFile
Logs/AssetImportWorker2.log
-srvPort
51697
Successfully changed project path to: C:/Users/ionut/Documents/XRD/XRD-Assignment2/XRD Assignment 2
C:/Users/ionut/Documents/XRD/XRD-Assignment2/XRD Assignment 2
[UnityMemory] Configuration Parameters - Can be set up in boot.config
    "memorysetup-bucket-allocator-granularity=16"
    "memorysetup-bucket-allocator-bucket-count=8"
    "memorysetup-bucket-allocator-block-size=33554432"
    "memorysetup-bucket-allocator-block-count=8"
    "memorysetup-main-allocator-block-size=16777216"
    "memorysetup-thread-allocator-block-size=16777216"
    "memorysetup-gfx-main-allocator-block-size=16777216"
    "memorysetup-gfx-thread-allocator-block-size=16777216"
    "memorysetup-cache-allocator-block-size=4194304"
    "memorysetup-typetree-allocator-block-size=2097152"
    "memorysetup-profiler-bucket-allocator-granularity=16"
    "memorysetup-profiler-bucket-allocator-bucket-count=8"
    "memorysetup-profiler-bucket-allocator-block-size=33554432"
    "memorysetup-profiler-bucket-allocator-block-count=8"
    "memorysetup-profiler-allocator-block-size=16777216"
    "memorysetup-profiler-editor-allocator-block-size=1048576"
    "memorysetup-temp-allocator-size-main=16777216"
    "memorysetup-job-temp-allocator-block-size=2097152"
    "memorysetup-job-temp-allocator-block-size-background=1048576"
    "memorysetup-job-temp-allocator-reduction-small-platforms=262144"
    "memorysetup-temp-allocator-size-background-worker=32768"
    "memorysetup-temp-allocator-size-job-worker=262144"
    "memorysetup-temp-allocator-size-preload-manager=33554432"
    "memorysetup-temp-allocator-size-nav-mesh-worker=65536"
    "memorysetup-temp-allocator-size-audio-worker=65536"
    "memorysetup-temp-allocator-size-cloud-worker=32768"
    "memorysetup-temp-allocator-size-gi-baking-worker=262144"
    "memorysetup-temp-allocator-size-gfx=262144"
Refreshing native plugins compatible for Editor in 124.16 ms, found 9 plugins.
Preloading 0 native plugins for Editor in 0.00 ms.
Initialize engine version: 2021.3.8f1 (b30333d56e81)
[Subsystems] Discovering subsystems at path C:/Program Files/Unity/Hub/Editor/2021.3.8f1/Editor/Data/Resources/UnitySubsystems
[Subsystems] Discovering subsystems at path C:/Users/ionut/Documents/XRD/XRD-Assignment2/XRD Assignment 2/Assets
GfxDevice: creating device client; threaded=0; jobified=0
Direct3D:
    Version:  Direct3D 11.0 [level 11.1]
    Renderer: NVIDIA GeForce RTX 2060 (ID=0x1f15)
    Vendor:   NVIDIA
    VRAM:     5980 MB
    Driver:   31.0.15.1694
Initialize mono
Mono path[0] = 'C:/Program Files/Unity/Hub/Editor/2021.3.8f1/Editor/Data/Managed'
Mono path[1] = 'C:/Program Files/Unity/Hub/Editor/2021.3.8f1/Editor/Data/MonoBleedingEdge/lib/mono/unityjit-win32'
Mono config path = 'C:/Program Files/Unity/Hub/Editor/2021.3.8f1/Editor/Data/MonoBleedingEdge/etc'
Using monoOptions --debugger-agent=transport=dt_socket,embedding=1,server=y,suspend=n,address=127.0.0.1:56168
Begin MonoManager ReloadAssembly
Registering precompiled unity dll's ...
Register platform support module: C:/Program Files/Unity/Hub/Editor/2021.3.8f1/Editor/Data/PlaybackEngines/WebGLSupport/UnityEditor.WebGL.Extensions.dll
Register platform support module: C:/Program Files/Unity/Hub/Editor/2021.3.8f1/Editor/Data/PlaybackEngines/AndroidPlayer/UnityEditor.Android.Extensions.dll
Register platform support module: C:/Program Files/Unity/Hub/Editor/2021.3.8f1/Editor/Data/PlaybackEngines/WindowsStandaloneSupport/UnityEditor.WindowsStandalone.Extensions.dll
Registered in 0.004706 seconds.
Native extension for WindowsStandalone target not found
Native extension for Android target not found
Native extension for WebGL target not found
Refreshing native plugins compatible for Editor in 88.01 ms, found 9 plugins.
Preloading 0 native plugins for Editor in 0.00 ms.
Mono: successfully reloaded assembly
- Completed reload, in  0.588 seconds
Domain Reload Profiling:
	ReloadAssembly (589ms)
		BeginReloadAssembly (73ms)
			ExecutionOrderSort (0ms)
			DisableScriptedObjects (0ms)
			BackupInstance (0ms)
			ReleaseScriptingObjects (0ms)
			CreateAndSetChildDomain (1ms)
		EndReloadAssembly (422ms)
			LoadAssemblies (71ms)
			RebuildTransferFunctionScriptingTraits (0ms)
			SetupTypeCache (97ms)
			ReleaseScriptCaches (0ms)
			RebuildScriptCaches (25ms)
			SetupLoadedEditorAssemblies (256ms)
				LogAssemblyErrors (0ms)
				InitializePlatformSupportModulesInManaged (46ms)
				SetLoadedEditorAssemblies (0ms)
				RefreshPlugins (88ms)
				BeforeProcessingInitializeOnLoad (1ms)
				ProcessInitializeOnLoadAttributes (82ms)
				ProcessInitializeOnLoadMethodAttributes (38ms)
				AfterProcessingInitializeOnLoad (0ms)
				EditorAssembliesLoaded (0ms)
			ExecutionOrderSort2 (0ms)
			AwakeInstancesAfterBackupRestoration (0ms)
Platform modules already initialized, skipping
Registering precompiled user dll's ...
Registered in 0.007146 seconds.
Android Extension - Scanning For ADB Devices 608 ms
Begin MonoManager ReloadAssembly
Symbol file LoadedFromMemory doesn't match image C:\Users\ionut\Documents\XRD\XRD-Assignment2\XRD Assignment 2\Library\PackageCache\com.unity.visualscripting@1.7.8\Editor\VisualScripting.Core\Dependencies\DotNetZip\Unity.VisualScripting.IonicZip.dll
Symbol file LoadedFromMemory doesn't match image C:\Users\ionut\Documents\XRD\XRD-Assignment2\XRD Assignment 2\Library\PackageCache\com.unity.visualscripting@1.7.8\Editor\VisualScripting.Core\Dependencies\YamlDotNet\Unity.VisualScripting.YamlDotNet.dll
Native extension for WindowsStandalone target not found
Native extension for Android target not found
Native extension for WebGL target not found
Refreshing native plugins compatible for Editor in 86.42 ms, found 9 plugins.
Preloading 0 native plugins for Editor in 0.00 ms.
Package Manager log level set to [2]
Mono: successfully reloaded assembly
- Completed reload, in  1.156 seconds
Domain Reload Profiling:
	ReloadAssembly (1157ms)
		BeginReloadAssembly (97ms)
			ExecutionOrderSort (0ms)
			DisableScriptedObjects (5ms)
			BackupInstance (0ms)
			ReleaseScriptingObjects (0ms)
			CreateAndSetChildDomain (17ms)
		EndReloadAssembly (959ms)
			LoadAssemblies (77ms)
			RebuildTransferFunctionScriptingTraits (0ms)
			SetupTypeCache (255ms)
			ReleaseScriptCaches (1ms)
			RebuildScriptCaches (57ms)
			SetupLoadedEditorAssemblies (530ms)
				LogAssemblyErrors (0ms)
				InitializePlatformSupportModulesInManaged (13ms)
				SetLoadedEditorAssemblies (0ms)
				RefreshPlugins (86ms)
				BeforeProcessingInitializeOnLoad (114ms)
				ProcessInitializeOnLoadAttributes (286ms)
				ProcessInitializeOnLoadMethodAttributes (25ms)
				AfterProcessingInitializeOnLoad (5ms)
				EditorAssembliesLoaded (0ms)
			ExecutionOrderSort2 (0ms)
			AwakeInstancesAfterBackupRestoration (4ms)
Platform modules already initialized, skipping
========================================================================
Worker process is ready to serve import requests
Launched and connected shader compiler UnityShaderCompiler.exe after 0.03 seconds
Refreshing native plugins compatible for Editor in 0.88 ms, found 9 plugins.
Preloading 0 native plugins for Editor in 0.00 ms.
Unloading 4539 Unused Serialized files (Serialized files now loaded: 0)
Unloading 51 unused Assets / (159.4 KB). Loaded Objects now: 4982.
Memory consumption went from 155.2 MB to 155.1 MB.
Total: 3.689000 ms (FindLiveObjects: 0.309500 ms CreateObjectMapping: 0.264800 ms MarkObjects: 3.003800 ms  DeleteObjects: 0.110100 ms)

AssetImportParameters requested are different than current active one (requested -> active):
  custom:video-decoder-ogg-theora: a1e56fd34408186e4bbccfd4996cb3dc -> 
  custom:container-muxer-webm: aa71ff27fc2769a1b78a27578f13a17b -> 
  custom:container-demuxer-webm: 4f35f7cbe854078d1ac9338744f61a02 -> 
  custom:video-encoder-webm-vp8: eb34c28f22e8b96e1ab97ce403110664 -> 
  custom:audio-encoder-webm-vorbis: bf7c407c2cedff20999df2af8eb42d56 -> 
  custom:framework-win-MediaFoundation: 216162199b28c13a410421893ffa2e32 -> 
  custom:container-demuxer-ogg: 62fdf1f143b41e24485cea50d1cbac27 -> 
  custom:video-decoder-webm-vp8: 9c59270c3fd7afecdb556c50c9e8de78 -> 
  custom:audio-decoder-ogg-vorbis: bf7c407c2cedff20999df2af8eb42d56 -> 
========================================================================
Received Import Request.
  Time since last request: 5067.726110 seconds.
  path: Assets/Planets of the Solar System 3D/Prefabs/Mercury.prefab
  artifactKey: Guid(ab152f61198d54532ae39108e616ff59) Importer(815301076,1909f56bfc062723c751e8b465ee728b)
Start importing Assets/Planets of the Solar System 3D/Prefabs/Mercury.prefab using Guid(ab152f61198d54532ae39108e616ff59) Importer(815301076,1909f56bfc062723c751e8b465ee728b)  -> (artifact id: 'cc1b28adb9659a124195b078058b54e8') in 0.364627 seconds 
========================================================================
Received Import Request.
  Time since last request: 11.443353 seconds.
  path: Assets/Planets of the Solar System 3D/Materials
  artifactKey: Guid(efe8bb1e6d82d49b786e8d992b9d1d9a) Importer(815301076,1909f56bfc062723c751e8b465ee728b)
Start importing Assets/Planets of the Solar System 3D/Materials using Guid(efe8bb1e6d82d49b786e8d992b9d1d9a) Importer(815301076,1909f56bfc062723c751e8b465ee728b)  -> (artifact id: '16caa4a5f6ffa02f98a7916063d8dc77') in 0.005452 seconds 
========================================================================
Received Import Request.
  Time since last request: 0.047387 seconds.
  path: Assets/Planets of the Solar System 3D/Materials/Skybox.mat
  artifactKey: Guid(d51a2253cd79945d08fbe9589d8cb631) Importer(815301076,1909f56bfc062723c751e8b465ee728b)
Start importing Assets/Planets of the Solar System 3D/Materials/Skybox.mat using Guid(d51a2253cd79945d08fbe9589d8cb631) Importer(815301076,1909f56bfc062723c751e8b465ee728b)  -> (artifact id: '7f98b337e7e0cc89dad92706868fc705') in 0.152668 seconds 
========================================================================
Received Import Request.
  Time since last request: 0.000026 seconds.
  path: Assets/Planets of the Solar System 3D/Materials/URP_Mercury_2k.mat
  artifactKey: Guid(ab6161919f1cb4e40a36aa58f68a2c92) Importer(815301076,1909f56bfc062723c751e8b465ee728b)
Start importing Assets/Planets of the Solar System 3D/Materials/URP_Mercury_2k.mat using Guid(ab6161919f1cb4e40a36aa58f68a2c92) Importer(815301076,1909f56bfc062723c751e8b465ee728b)  -> (artifact id: '2f2dca6f74ab416f471526f49b9107d3') in 0.052605 seconds 
========================================================================
Received Import Request.
  Time since last request: 0.000023 seconds.
  path: Assets/Planets of the Solar System 3D/Materials/URP_Neptune_2k.mat
  artifactKey: Guid(f29f4f3d96cac4e53954f0d84aad655d) Importer(815301076,1909f56bfc062723c751e8b465ee728b)
Start importing Assets/Planets of the Solar System 3D/Materials/URP_Neptune_2k.mat using Guid(f29f4f3d96cac4e53954f0d84aad655d) Importer(815301076,1909f56bfc062723c751e8b465ee728b)  -> (artifact id: 'df297d0835a1648f2ddd603b624fe710') in 0.043717 seconds 
========================================================================
Received Import Request.
  Time since last request: 0.000024 seconds.
  path: Assets/Planets of the Solar System 3D/Materials/URP_Mercury_Lod.mat
  artifactKey: Guid(d7a335629d5364542a8c4be1e8082b5c) Importer(815301076,1909f56bfc062723c751e8b465ee728b)
Start importing Assets/Planets of the Solar System 3D/Materials/URP_Mercury_Lod.mat using Guid(d7a335629d5364542a8c4be1e8082b5c) Importer(815301076,1909f56bfc062723c751e8b465ee728b)  -> (artifact id: '9fc1255a0f729198567d2ff561296b6d') in 0.087834 seconds 
========================================================================
Received Import Request.
  Time since last request: 0.000024 seconds.
  path: Assets/Planets of the Solar System 3D/Materials/URP_Venus_2k.mat
  artifactKey: Guid(58cb1c700baee41b683c8a01e77d0619) Importer(815301076,1909f56bfc062723c751e8b465ee728b)
Start importing Assets/Planets of the Solar System 3D/Materials/URP_Venus_2k.mat using Guid(58cb1c700baee41b683c8a01e77d0619) Importer(815301076,1909f56bfc062723c751e8b465ee728b)  -> (artifact id: '273f4fe0613c9d77e17a14f4e5db4cc0') in 0.032564 seconds 
========================================================================
Received Import Request.
  Time since last request: 0.000017 seconds.
  path: Assets/Planets of the Solar System 3D/Materials/URP_Sun Sphere.mat
  artifactKey: Guid(a88ffc134d0ae4e1b93afd6b311c9d56) Importer(815301076,1909f56bfc062723c751e8b465ee728b)
Start importing Assets/Planets of the Solar System 3D/Materials/URP_Sun Sphere.mat using Guid(a88ffc134d0ae4e1b93afd6b311c9d56) Importer(815301076,1909f56bfc062723c751e8b465ee728b)  -> (artifact id: '6297c4311470439b7353df2f3a7af6fc') in 0.022063 seconds 
========================================================================
Received Import Request.
  Time since last request: 0.000016 seconds.
  path: Assets/Planets of the Solar System 3D/Materials/URP_Jupiter_2k.mat
  artifactKey: Guid(957a2e19e0e14495fbce6467614c3e43) Importer(815301076,1909f56bfc062723c751e8b465ee728b)
Start importing Assets/Planets of the Solar System 3D/Materials/URP_Jupiter_2k.mat using Guid(957a2e19e0e14495fbce6467614c3e43) Importer(815301076,1909f56bfc062723c751e8b465ee728b)  -> (artifact id: 'c8b96b7f4c8835aa86bb3a9382dc28c0') in 0.040906 seconds 
========================================================================
Received Import Request.
  Time since last request: 0.000027 seconds.
  path: Assets/Planets of the Solar System 3D/Materials/URP_Sun.mat
  artifactKey: Guid(1e14bb05546c54c5592fd7918d09db74) Importer(815301076,1909f56bfc062723c751e8b465ee728b)
Start importing Assets/Planets of the Solar System 3D/Materials/URP_Sun.mat using Guid(1e14bb05546c54c5592fd7918d09db74) Importer(815301076,1909f56bfc062723c751e8b465ee728b)  -> (artifact id: '48844e61a70bbdf10ae433951a7e4886') in 0.059479 seconds 
========================================================================
Received Import Request.
  Time since last request: 0.000020 seconds.
  path: Assets/Planets of the Solar System 3D/Materials/URP_Moon_Lod.mat
  artifactKey: Guid(948fe8f7d46f84bfaa54cc429a563b9d) Importer(815301076,1909f56bfc062723c751e8b465ee728b)
Start importing Assets/Planets of the Solar System 3D/Materials/URP_Moon_Lod.mat using Guid(948fe8f7d46f84bfaa54cc429a563b9d) Importer(815301076,1909f56bfc062723c751e8b465ee728b)  -> (artifact id: 'c6c598e78cb5a7950e0d9fcb98a8c73a') in 0.016522 seconds 
========================================================================
Received Import Request.
  Time since last request: 13.669407 seconds.
  path: Assets/Planets of the Solar System 3D/Shaders
  artifactKey: Guid(25858cb06fc94f54faa64009e89649ce) Importer(815301076,1909f56bfc062723c751e8b465ee728b)
Start importing Assets/Planets of the Solar System 3D/Shaders using Guid(25858cb06fc94f54faa64009e89649ce) Importer(815301076,1909f56bfc062723c751e8b465ee728b)  -> (artifact id: '129164984c42ebd6e61307b575f3fbda') in 0.005721 seconds 
========================================================================
Received Import Request.
  Time since last request: 2.197495 seconds.
  path: Assets/Planets of the Solar System 3D/Textures
  artifactKey: Guid(7299ffe8d728a42f4945d9d26b6c5793) Importer(815301076,1909f56bfc062723c751e8b465ee728b)
Start importing Assets/Planets of the Solar System 3D/Textures using Guid(7299ffe8d728a42f4945d9d26b6c5793) Importer(815301076,1909f56bfc062723c751e8b465ee728b)  -> (artifact id: '49b67d34b8e88d8f2821e1aafc698221') in 0.005035 seconds 
========================================================================
Received Import Request.
  Time since last request: 1.259982 seconds.
  path: Assets/Planets of the Solar System 3D/Textures/FX
  artifactKey: Guid(82f08c18fa3774df9b602fb85f32e62a) Importer(815301076,1909f56bfc062723c751e8b465ee728b)
Start importing Assets/Planets of the Solar System 3D/Textures/FX using Guid(82f08c18fa3774df9b602fb85f32e62a) Importer(815301076,1909f56bfc062723c751e8b465ee728b)  -> (artifact id: '6651afd1654c171498b9ce49146dfeb8') in 0.007449 seconds 
========================================================================
Received Import Request.
  Time since last request: 0.323604 seconds.
  path: Assets/Planets of the Solar System 3D/Textures/FX/Cloud.png
  artifactKey: Guid(206ef5972611d42c897fafda4c576e06) Importer(815301076,1909f56bfc062723c751e8b465ee728b)
Start importing Assets/Planets of the Solar System 3D/Textures/FX/Cloud.png using Guid(206ef5972611d42c897fafda4c576e06) Importer(815301076,1909f56bfc062723c751e8b465ee728b)  -> (artifact id: 'c1362e45bebe0b5b57dd5728a7cc9e37') in 0.035443 seconds 
========================================================================
Received Import Request.
  Time since last request: 2.168806 seconds.
  path: Assets/Planets of the Solar System 3D/Textures/Planets
  artifactKey: Guid(2bdd0b3d2deec4856b474782fd033667) Importer(815301076,1909f56bfc062723c751e8b465ee728b)
Start importing Assets/Planets of the Solar System 3D/Textures/Planets using Guid(2bdd0b3d2deec4856b474782fd033667) Importer(815301076,1909f56bfc062723c751e8b465ee728b)  -> (artifact id: '34a8c360262951a758ecb425249961f9') in 0.005674 seconds 
========================================================================
Received Import Request.
  Time since last request: 0.043215 seconds.
  path: Assets/Planets of the Solar System 3D/Textures/Planets/Asteroids.png
  artifactKey: Guid(f86f3eee3fc3641f0ac3fbb7e1fb6999) Importer(815301076,1909f56bfc062723c751e8b465ee728b)
Start importing Assets/Planets of the Solar System 3D/Textures/Planets/Asteroids.png using Guid(f86f3eee3fc3641f0ac3fbb7e1fb6999) Importer(815301076,1909f56bfc062723c751e8b465ee728b)  -> (artifact id: 'c559365a19760ba2d1c902d76b079668') in 0.014608 seconds 
========================================================================
Received Import Request.
  Time since last request: 0.000017 seconds.
  path: Assets/Planets of the Solar System 3D/Textures/Planets/Mars_2k.png
  artifactKey: Guid(785a85c72ee2045db9591e4a9a7fbbeb) Importer(815301076,1909f56bfc062723c751e8b465ee728b)
Start importing Assets/Planets of the Solar System 3D/Textures/Planets/Mars_2k.png using Guid(785a85c72ee2045db9591e4a9a7fbbeb) Importer(815301076,1909f56bfc062723c751e8b465ee728b)  -> (artifact id: 'c54604dc7b6f9b5ea8fb0aeb9ab09352') in 0.040805 seconds 
========================================================================
Received Import Request.
  Time since last request: 0.000018 seconds.
  path: Assets/Planets of the Solar System 3D/Textures/Planets/Venus_Lod.png
  artifactKey: Guid(801773570d3c3432fa626d8c3f3d4d0c) Importer(815301076,1909f56bfc062723c751e8b465ee728b)
Start importing Assets/Planets of the Solar System 3D/Textures/Planets/Venus_Lod.png using Guid(801773570d3c3432fa626d8c3f3d4d0c) Importer(815301076,1909f56bfc062723c751e8b465ee728b)  -> (artifact id: '832123d05aab397d9c5350e9397f19fb') in 0.065421 seconds 
========================================================================
Received Import Request.
  Time since last request: 0.000017 seconds.
  path: Assets/Planets of the Solar System 3D/Textures/Planets/Moon_Lod.png
  artifactKey: Guid(ed72c23d28c714738bace7abf3ce7787) Importer(815301076,1909f56bfc062723c751e8b465ee728b)
Start importing Assets/Planets of the Solar System 3D/Textures/Planets/Moon_Lod.png using Guid(ed72c23d28c714738bace7abf3ce7787) Importer(815301076,1909f56bfc062723c751e8b465ee728b)  -> (artifact id: '3839ba7600103745cb100b7a9e635bfa') in 0.019997 seconds 
========================================================================
Received Import Request.
  Time since last request: 0.000023 seconds.
  path: Assets/Planets of the Solar System 3D/Textures/Planets/Jupiter_2k.png
  artifactKey: Guid(2f1708834aabb4bd582abee7638e4da5) Importer(815301076,1909f56bfc062723c751e8b465ee728b)
Start importing Assets/Planets of the Solar System 3D/Textures/Planets/Jupiter_2k.png using Guid(2f1708834aabb4bd582abee7638e4da5) Importer(815301076,1909f56bfc062723c751e8b465ee728b)  -> (artifact id: '05658ab50362c4499ea9dabcd8ce331a') in 0.041212 seconds 
========================================================================
Received Import Request.
  Time since last request: 0.000022 seconds.
  path: Assets/Planets of the Solar System 3D/Textures/Planets/Neptune_2k.png
  artifactKey: Guid(7fa5ce735aa1b4408a20b98a30f0dad4) Importer(815301076,1909f56bfc062723c751e8b465ee728b)
Start importing Assets/Planets of the Solar System 3D/Textures/Planets/Neptune_2k.png using Guid(7fa5ce735aa1b4408a20b98a30f0dad4) Importer(815301076,1909f56bfc062723c751e8b465ee728b)  -> (artifact id: '98c6291bb753b054110bf2f36fd8da01') in 0.047181 seconds 
========================================================================
Received Import Request.
  Time since last request: 0.000031 seconds.
  path: Assets/Planets of the Solar System 3D/Textures/Planets/Pluto_Lod.png
  artifactKey: Guid(9cbb5d77b1db34ddba3d8974e28dfcd1) Importer(815301076,1909f56bfc062723c751e8b465ee728b)
Start importing Assets/Planets of the Solar System 3D/Textures/Planets/Pluto_Lod.png using Guid(9cbb5d77b1db34ddba3d8974e28dfcd1) Importer(815301076,1909f56bfc062723c751e8b465ee728b)  -> (artifact id: 'bf2ae5ba404e723dd45ab09878fcaa3d') in 0.060450 seconds 
========================================================================
Received Import Request.
  Time since last request: 0.000020 seconds.
  path: Assets/Planets of the Solar System 3D/Textures/Planets/Uranus_Lod.png
  artifactKey: Guid(574dbbcada97545ad861f479e5369c34) Importer(815301076,1909f56bfc062723c751e8b465ee728b)
Start importing Assets/Planets of the Solar System 3D/Textures/Planets/Uranus_Lod.png using Guid(574dbbcada97545ad861f479e5369c34) Importer(815301076,1909f56bfc062723c751e8b465ee728b)  -> (artifact id: '9b42d0f0b8329da5023675283a5901b6') in 0.066870 seconds 
========================================================================
Received Import Request.
  Time since last request: 97.660922 seconds.
  path: Assets/Planets of the Solar System 3D/Prefabs/Asteroids Belt.prefab
  artifactKey: Guid(c0aedbee0212d4ba08d6e85a65854d22) Importer(815301076,1909f56bfc062723c751e8b465ee728b)
Start importing Assets/Planets of the Solar System 3D/Prefabs/Asteroids Belt.prefab using Guid(c0aedbee0212d4ba08d6e85a65854d22) Importer(815301076,1909f56bfc062723c751e8b465ee728b)  -> (artifact id: '4e76d5c1c327dca79459af2b5066bf41') in 0.072432 seconds 
========================================================================
Received Import Request.
  Time since last request: 0.000026 seconds.
  path: Assets/Planets of the Solar System 3D/Prefabs/Neptune.prefab
  artifactKey: Guid(5d1442ad8c11442988e0eca5d8af73f0) Importer(815301076,1909f56bfc062723c751e8b465ee728b)
Start importing Assets/Planets of the Solar System 3D/Prefabs/Neptune.prefab using Guid(5d1442ad8c11442988e0eca5d8af73f0) Importer(815301076,1909f56bfc062723c751e8b465ee728b)  -> (artifact id: '7881b6ddb2255072cf79d8a0f0c7d04a') in 0.090644 seconds 
========================================================================
Received Import Request.
  Time since last request: 0.000029 seconds.
  path: Assets/Planets of the Solar System 3D/Prefabs/Earth.prefab
  artifactKey: Guid(300f80108a63f48618cb4a1c8b8c1e86) Importer(815301076,1909f56bfc062723c751e8b465ee728b)
Start importing Assets/Planets of the Solar System 3D/Prefabs/Earth.prefab using Guid(300f80108a63f48618cb4a1c8b8c1e86) Importer(815301076,1909f56bfc062723c751e8b465ee728b)  -> (artifact id: 'dc2eab2c5a32d0f8be4e3802d89da6d1') in 0.080797 seconds 
========================================================================
Received Import Request.
  Time since last request: 0.000019 seconds.
  path: Assets/Planets of the Solar System 3D/Prefabs/Saturn.prefab
  artifactKey: Guid(b4201d402613a4464b35c805dafcca62) Importer(815301076,1909f56bfc062723c751e8b465ee728b)
Start importing Assets/Planets of the Solar System 3D/Prefabs/Saturn.prefab using Guid(b4201d402613a4464b35c805dafcca62) Importer(815301076,1909f56bfc062723c751e8b465ee728b)  -> (artifact id: 'd8c3b1f5dd937e3ff23fa947d16d5a75') in 0.111226 seconds 
========================================================================
Received Import Request.
  Time since last request: 0.000020 seconds.
  path: Assets/Planets of the Solar System 3D/Prefabs/Pluto.prefab
  artifactKey: Guid(baebbc833ecda42dd8a75966c9f62420) Importer(815301076,1909f56bfc062723c751e8b465ee728b)
Start importing Assets/Planets of the Solar System 3D/Prefabs/Pluto.prefab using Guid(baebbc833ecda42dd8a75966c9f62420) Importer(815301076,1909f56bfc062723c751e8b465ee728b)  -> (artifact id: '23554cf173626f217216422dcea5744a') in 0.081986 seconds 
========================================================================
Received Import Request.
  Time since last request: 0.000020 seconds.
  path: Assets/Planets of the Solar System 3D/Prefabs/Sun Sphere.prefab
  artifactKey: Guid(ec1861462fc1b46f1a1c1c3c0f1f7f15) Importer(815301076,1909f56bfc062723c751e8b465ee728b)
Start importing Assets/Planets of the Solar System 3D/Prefabs/Sun Sphere.prefab using Guid(ec1861462fc1b46f1a1c1c3c0f1f7f15) Importer(815301076,1909f56bfc062723c751e8b465ee728b)  -> (artifact id: 'b446af6c0fd2f2af12028fba70b409ee') in 0.014748 seconds 
Editor requested this worker to shutdown with reason: Scaling down because of idle timeout
AssetImportWorker is now disconnected from the server
Process exiting
Exiting without the bug reporter. Application will terminate with return code 0